This file contains any messages produced by compilers while
running configure, to aid debugging if configure makes a mistake.

It was created by Ndn-Rtc Shared Library C++ configure 0.2, which was
generated by GNU Autoconf 2.69.  Invocation command line was

  $ ./configure 

## --------- ##
## Platform. ##
## --------- ##

hostname = kangaroo.remap.ucla.edu
uname -m = x86_64
uname -r = 12.5.0
uname -s = Darwin
uname -v = Darwin Kernel Version 12.5.0: Mon Jul 29 16:33:49 PDT 2013; root:xnu-2050.48.11~1/RELEASE_X86_64

/usr/bin/uname -p = i386
/bin/uname -X     = unknown

/bin/arch              = unknown
/usr/bin/arch -k       = unknown
/usr/convex/getsysinfo = unknown
/usr/bin/hostinfo      = Mach kernel version:
	 Darwin Kernel Version 12.5.0: Mon Jul 29 16:33:49 PDT 2013; root:xnu-2050.48.11~1/RELEASE_X86_64
Kernel configured for up to 2 processors.
2 processors are physically available.
2 processors are logically available.
Processor type: i486 (Intel 80486)
Processors active: 0 1
Primary memory available: 8.00 gigabytes
Default processor set: 151 tasks, 844 threads, 2 processors
Load average: 2.77, Mach factor: 0.33
/bin/machine           = unknown
/usr/bin/oslevel       = unknown
/bin/universe          = unknown

PATH: /opt/local/bin
PATH: /opt/local/sbin
PATH: /usr/bin
PATH: /bin
PATH: /usr/sbin
PATH: /sbin
PATH: /usr/local/bin
PATH: /opt/X11/bin
PATH: /Users/gpeetonn/Documents/code/depot_tools


## ----------- ##
## Core tests. ##
## ----------- ##

configure:1790: checking for g++
configure:1806: found /opt/local/bin/g++
configure:1817: result: g++
configure:1844: checking for C++ compiler version
configure:1853: g++ --version >&5
i686-apple-darwin11-llvm-g++-4.2 (GCC) 4.2.1 (Based on Apple Inc. build 5658) (LLVM build 2336.11.00)
Copyright (C) 2007 Free Software Foundation, Inc.
This is free software; see the source for copying conditions.  There is NO
warranty; not even for MERCHANTABILITY or FITNESS FOR A PARTICULAR PURPOSE.

configure:1864: $? = 0
configure:1853: g++ -v >&5
Using built-in specs.
Target: i686-apple-darwin11
Configured with: /private/var/tmp/llvmgcc42/llvmgcc42-2336.11~182/src/configure --disable-checking --enable-werror --prefix=/Applications/Xcode.app/Contents/Developer/usr/llvm-gcc-4.2 --mandir=/share/man --enable-languages=c,objc,c++,obj-c++ --program-prefix=llvm- --program-transform-name=/^[cg][^.-]*$/s/$/-4.2/ --with-slibdir=/usr/lib --build=i686-apple-darwin11 --enable-llvm=/private/var/tmp/llvmgcc42/llvmgcc42-2336.11~182/dst-llvmCore/Developer/usr/local --program-prefix=i686-apple-darwin11- --host=x86_64-apple-darwin11 --target=i686-apple-darwin11 --with-gxx-include-dir=/usr/include/c++/4.2.1
Thread model: posix
gcc version 4.2.1 (Based on Apple Inc. build 5658) (LLVM build 2336.11.00)
configure:1864: $? = 0
configure:1853: g++ -V >&5
llvm-g++-4.2: argument to `-V' is missing
configure:1864: $? = 1
configure:1853: g++ -qversion >&5
i686-apple-darwin11-llvm-g++-4.2: no input files
configure:1864: $? = 1
configure:1884: checking whether the C++ compiler works
configure:1906: g++    conftest.cpp  >&5
configure:1910: $? = 0
configure:1958: result: yes
configure:1961: checking for C++ compiler default output file name
configure:1963: result: a.out
configure:1969: checking for suffix of executables
configure:1976: g++ -o conftest    conftest.cpp  >&5
configure:1980: $? = 0
configure:2002: result: 
configure:2024: checking whether we are cross compiling
configure:2032: g++ -o conftest    conftest.cpp  >&5
configure:2036: $? = 0
configure:2043: ./conftest
configure:2047: $? = 0
configure:2062: result: no
configure:2067: checking for suffix of object files
configure:2089: g++ -c   conftest.cpp >&5
configure:2093: $? = 0
configure:2114: result: o
configure:2118: checking whether we are using the GNU C++ compiler
configure:2137: g++ -c   conftest.cpp >&5
configure:2137: $? = 0
configure:2146: result: yes
configure:2155: checking whether g++ accepts -g
configure:2175: g++ -c -g  conftest.cpp >&5
configure:2175: $? = 0
configure:2216: result: yes

## ---------------- ##
## Cache variables. ##
## ---------------- ##

ac_cv_cxx_compiler_gnu=yes
ac_cv_env_CCC_set=
ac_cv_env_CCC_value=
ac_cv_env_CPPFLAGS_set=
ac_cv_env_CPPFLAGS_value=
ac_cv_env_CXXFLAGS_set=
ac_cv_env_CXXFLAGS_value=
ac_cv_env_CXX_set=
ac_cv_env_CXX_value=
ac_cv_env_LDFLAGS_set=
ac_cv_env_LDFLAGS_value=
ac_cv_env_LIBS_set=
ac_cv_env_LIBS_value=
ac_cv_env_build_alias_set=
ac_cv_env_build_alias_value=
ac_cv_env_host_alias_set=
ac_cv_env_host_alias_value=
ac_cv_env_target_alias_set=
ac_cv_env_target_alias_value=
ac_cv_objext=o
ac_cv_prog_ac_ct_CXX=g++
ac_cv_prog_cxx_g=yes

## ----------------- ##
## Output variables. ##
## ----------------- ##

CPPFLAGS=''
CXX='g++'
CXXFLAGS='-g -O2'
DEFS=''
ECHO_C='\c'
ECHO_N=''
ECHO_T=''
EXEEXT=''
LDFLAGS=''
LIBS=''
OBJEXT='o'
PACKAGE_BUGREPORT='gpeetonn@gmail.com'
PACKAGE_NAME='Ndn-Rtc Shared Library C++'
PACKAGE_STRING='Ndn-Rtc Shared Library C++ 0.2'
PACKAGE_TARNAME='libndnrtc'
PACKAGE_URL='http://github.com/remap/ndnrtc/'
PACKAGE_VERSION='0.2'
PATH_SEPARATOR=':'
SHELL='/bin/sh'
ac_ct_CXX='g++'
bindir='${exec_prefix}/bin'
build_alias=''
datadir='${datarootdir}'
datarootdir='${prefix}/share'
docdir='${datarootdir}/doc/${PACKAGE_TARNAME}'
dvidir='${docdir}'
exec_prefix='NONE'
host_alias=''
htmldir='${docdir}'
includedir='${prefix}/include'
infodir='${datarootdir}/info'
libdir='${exec_prefix}/lib'
libexecdir='${exec_prefix}/libexec'
localedir='${datarootdir}/locale'
localstatedir='${prefix}/var'
mandir='${datarootdir}/man'
oldincludedir='/usr/include'
pdfdir='${docdir}'
prefix='NONE'
program_transform_name='s,x,x,'
psdir='${docdir}'
sbindir='${exec_prefix}/sbin'
sharedstatedir='${prefix}/com'
sysconfdir='${prefix}/etc'
target_alias=''

## ----------- ##
## confdefs.h. ##
## ----------- ##

/* confdefs.h */
#define PACKAGE_NAME "Ndn-Rtc Shared Library C++"
#define PACKAGE_TARNAME "libndnrtc"
#define PACKAGE_VERSION "0.2"
#define PACKAGE_STRING "Ndn-Rtc Shared Library C++ 0.2"
#define PACKAGE_BUGREPORT "gpeetonn@gmail.com"
#define PACKAGE_URL "http://github.com/remap/ndnrtc/"

configure: exit 0
